<?xml version="1.0" encoding="UTF-8"?>
<!-- Generated by org.testng.reporters.JUnitReportReporter -->
<testsuite hostname="LAPTOP-10D364JD" failures="0" tests="1" name="qaclickacademy.RESTAPITest" time="0.001" errors="0" timestamp="06 Jan. 2020 19:17:34 GMT" skipped="0">
  <testcase classname="qaclickacademy.RESTAPITest" name="postJira" time="0.001"/>
</testsuite> <!-- qaclickacademy.RESTAPITest -->
