<?xml version="1.0" encoding="UTF-8"?>
<!-- Generated by org.testng.reporters.JUnitReportReporter -->
<testsuite hostname="LAPTOP-10D364JD" failures="0" tests="1" name="qaclickacademy.SeleniumTest" time="0.020" errors="0" timestamp="06 Jan. 2020 19:17:34 GMT" skipped="0">
  <testcase classname="qaclickacademy.SeleniumTest" name="BrowserAutomation" time="0.020"/>
</testsuite> <!-- qaclickacademy.SeleniumTest -->
